\BOOKMARK [1][-]{section.1}{Why\040Data\040Management}{}% 1
\BOOKMARK [1][-]{section.2}{Data\040Management\040Plans}{}% 2
\BOOKMARK [1][-]{section.3}{File\040Organization}{}% 3
\BOOKMARK [2][-]{subsection.3.1}{Different\040Data\040Types}{section.3}% 4
\BOOKMARK [2][-]{subsection.3.2}{File\040and\040Folder\040Naming}{section.3}% 5
\BOOKMARK [2][-]{subsection.3.3}{File\040Formats}{section.3}% 6
\BOOKMARK [2][-]{subsection.3.4}{Folder\040Hierarchy}{section.3}% 7
\BOOKMARK [3][-]{subsubsection.3.4.1}{Daily\040Data}{subsection.3.4}% 8
\BOOKMARK [3][-]{subsubsection.3.4.2}{Data\040for\040Publication}{subsection.3.4}% 9
\BOOKMARK [1][-]{section.4}{Documentation\040and\040Metadata}{}% 10
\BOOKMARK [2][-]{subsection.4.1}{Important\040things\040to\040do\040while\040you\040collect\040or\040create\040your\040data}{section.4}% 11
\BOOKMARK [2][-]{subsection.4.2}{Things\040to\040document\040about\040your\040data}{section.4}% 12
\BOOKMARK [1][-]{section.5}{Electronic\040Lab\040Notebooks}{}% 13
\BOOKMARK [2][-]{subsection.5.1}{eLabFTW}{section.5}% 14
\BOOKMARK [1][-]{section.6}{Git}{}% 15
\BOOKMARK [1][-]{section.7}{EndNote}{}% 16
\BOOKMARK [1][-]{section.8}{Further\040Tools\040for\040Data\040Management}{}% 17
\BOOKMARK [1][-]{section.8}{Bibliography}{}% 18
\BOOKMARK [1][-]{appendix.A}{Appendix}{}% 19
\BOOKMARK [2][-]{subsection.A.1}{How to Store Papers – “Dummy Paper”}{appendix.A}% 20
\BOOKMARK [2][-]{subsection.A.2}{How\040to\040Write\040a\040DMP}{appendix.A}% 21
\BOOKMARK [3][-]{subsubsection.A.2.1}{Motivation}{subsection.A.2}% 22
\BOOKMARK [3][-]{subsubsection.A.2.2}{Elements\040of\040a\040DMP}{subsection.A.2}% 23
