\BOOKMARK [1][-]{section.1}{Warum\040Datenmanagement?}{}% 1
\BOOKMARK [1][-]{section.2}{Pläne zur Datenverwaltung}{}% 2
\BOOKMARK [1][-]{section.3}{Dateiorganisation}{}% 3
\BOOKMARK [2][-]{subsection.3.1}{Verschiedene\040Datentypen}{section.3}% 4
\BOOKMARK [2][-]{subsection.3.2}{Benennung\040von\040Dateien\040und\040Ordnern\040}{section.3}% 5
\BOOKMARK [2][-]{subsection.3.3}{Dateiformate}{section.3}% 6
\BOOKMARK [2][-]{subsection.3.4}{Ordnerhierarchie}{section.3}% 7
\BOOKMARK [3][-]{subsubsection.3.4.1}{Tägliche Daten}{subsection.3.4}% 8
\BOOKMARK [3][-]{subsubsection.3.4.2}{Daten zur Veröffentlichung}{subsection.3.4}% 9
\BOOKMARK [1][-]{section.4}{Dokumentation\040und\040Metadaten}{}% 10
\BOOKMARK [2][-]{subsection.4.1}{Wichtige\040Information\040beim\040Sammeln\040oder\040Erstellen\040von\040Daten}{section.4}% 11
\BOOKMARK [2][-]{subsection.4.2}{Dokumentation\040von\040Daten:\040Metadaten}{section.4}% 12
\BOOKMARK [1][-]{section.5}{Electronic\040Lab\040Notebooks}{}% 13
\BOOKMARK [2][-]{subsection.5.1}{eLabFTW}{section.5}% 14
\BOOKMARK [1][-]{section.6}{Git}{}% 15
\BOOKMARK [1][-]{section.7}{EndNote}{}% 16
\BOOKMARK [1][-]{section.8}{Weitere Tools für Datenmanagement}{}% 17
\BOOKMARK [1][-]{section.8}{Bibliography}{}% 18
\BOOKMARK [1][-]{appendix.A}{Anhang}{}% 19
\BOOKMARK [2][-]{subsection.A.1}{Speicherung der Daten einer Veröffentlichung - „Dummy-Paper“}{appendix.A}% 20
\BOOKMARK [2][-]{subsection.A.2}{Wie\040man\040ein\040DMP\040schreibt}{appendix.A}% 21
\BOOKMARK [3][-]{subsubsection.A.2.1}{Motivation}{subsection.A.2}% 22
\BOOKMARK [3][-]{subsubsection.A.2.2}{Elemente\040eines\040DMP}{subsection.A.2}% 23
