\BOOKMARK [1][-]{section.1}{\376\377\000W\000a\000r\000u\000m\000\040\000D\000a\000t\000e\000n\000m\000a\000n\000a\000g\000e\000m\000e\000n\000t\000?}{}% 1
\BOOKMARK [1][-]{section.2}{\376\377\000P\000l\000\344\000n\000e\000\040\000z\000u\000r\000\040\000D\000a\000t\000e\000n\000v\000e\000r\000w\000a\000l\000t\000u\000n\000g}{}% 2
\BOOKMARK [1][-]{section.3}{\376\377\000D\000a\000t\000e\000i\000o\000r\000g\000a\000n\000i\000s\000a\000t\000i\000o\000n}{}% 3
\BOOKMARK [2][-]{subsection.3.1}{\376\377\000V\000e\000r\000s\000c\000h\000i\000e\000d\000e\000n\000e\000\040\000D\000a\000t\000e\000n\000t\000y\000p\000e\000n}{section.3}% 4
\BOOKMARK [2][-]{subsection.3.2}{\376\377\000B\000e\000n\000e\000n\000n\000u\000n\000g\000\040\000v\000o\000n\000\040\000D\000a\000t\000e\000i\000e\000n\000\040\000u\000n\000d\000\040\000O\000r\000d\000n\000e\000r\000n\000\040}{section.3}% 5
\BOOKMARK [2][-]{subsection.3.3}{\376\377\000D\000a\000t\000e\000i\000f\000o\000r\000m\000a\000t\000e}{section.3}% 6
\BOOKMARK [2][-]{subsection.3.4}{\376\377\000O\000r\000d\000n\000e\000r\000h\000i\000e\000r\000a\000r\000c\000h\000i\000e}{section.3}% 7
\BOOKMARK [3][-]{subsubsection.3.4.1}{\376\377\000T\000\344\000g\000l\000i\000c\000h\000e\000\040\000D\000a\000t\000e\000n}{subsection.3.4}% 8
\BOOKMARK [3][-]{subsubsection.3.4.2}{\376\377\000D\000a\000t\000e\000n\000\040\000z\000u\000r\000\040\000V\000e\000r\000\366\000f\000f\000e\000n\000t\000l\000i\000c\000h\000u\000n\000g}{subsection.3.4}% 9
\BOOKMARK [1][-]{section.4}{\376\377\000D\000o\000k\000u\000m\000e\000n\000t\000a\000t\000i\000o\000n\000\040\000u\000n\000d\000\040\000M\000e\000t\000a\000d\000a\000t\000e\000n}{}% 10
\BOOKMARK [2][-]{subsection.4.1}{\376\377\000W\000i\000c\000h\000t\000i\000g\000e\000\040\000I\000n\000f\000o\000r\000m\000a\000t\000i\000o\000n\000\040\000b\000e\000i\000m\000\040\000S\000a\000m\000m\000e\000l\000n\000\040\000o\000d\000e\000r\000\040\000E\000r\000s\000t\000e\000l\000l\000e\000n\000\040\000v\000o\000n\000\040\000D\000a\000t\000e\000n}{section.4}% 11
\BOOKMARK [2][-]{subsection.4.2}{\376\377\000D\000o\000k\000u\000m\000e\000n\000t\000a\000t\000i\000o\000n\000\040\000v\000o\000n\000\040\000D\000a\000t\000e\000n\000:\000\040\000M\000e\000t\000a\000d\000a\000t\000e\000n}{section.4}% 12
\BOOKMARK [1][-]{section.5}{\376\377\000E\000l\000e\000c\000t\000r\000o\000n\000i\000c\000\040\000L\000a\000b\000\040\000N\000o\000t\000e\000b\000o\000o\000k}{}% 13
\BOOKMARK [1][-]{section.6}{\376\377\000G\000i\000t\000\040\000S\000o\000f\000t\000w\000a\000r\000e\000\040\000R\000e\000p\000o\000s\000i\000t\000o\000r\000i\000u\000m}{}% 14
\BOOKMARK [1][-]{section.7}{\376\377\000F\000A\000I\000R\000\040\000D\000a\000t\000a}{}% 15
\BOOKMARK [1][-]{section.8}{\376\377\000E\000n\000d\000N\000o\000t\000e}{}% 16
\BOOKMARK [1][-]{section.9}{\376\377\000W\000e\000i\000t\000e\000r\000e\000\040\000T\000o\000o\000l\000s\000\040\000f\000\374\000r\000\040\000D\000a\000t\000e\000n\000m\000a\000n\000a\000g\000e\000m\000e\000n\000t}{}% 17
\BOOKMARK [1][-]{section.9}{\376\377\000B\000i\000b\000l\000i\000o\000g\000r\000a\000p\000h\000y}{}% 18
\BOOKMARK [1][-]{appendix.A}{\376\377\000A\000n\000h\000a\000n\000g}{}% 19
\BOOKMARK [2][-]{subsection.A.1}{\376\377\000S\000p\000e\000i\000c\000h\000e\000r\000u\000n\000g\000\040\000d\000e\000r\000\040\000D\000a\000t\000e\000n\000\040\000e\000i\000n\000e\000r\000\040\000V\000e\000r\000\366\000f\000f\000e\000n\000t\000l\000i\000c\000h\000u\000n\000g\000\040\000-\000\040\040\036\000D\000u\000m\000m\000y\000-\000P\000a\000p\000e\000r\040\034}{appendix.A}% 20
\BOOKMARK [2][-]{subsection.A.2}{\376\377\000S\000c\000h\000r\000e\000i\000b\000e\000n\000\040\000e\000i\000n\000e\000s\000\040\000D\000a\000t\000e\000n\000m\000a\000n\000a\000g\000e\000m\000e\000n\000t\000p\000l\000a\000n\000s}{appendix.A}% 21
\BOOKMARK [3][-]{subsubsection.A.2.1}{\376\377\000M\000o\000t\000i\000v\000a\000t\000i\000o\000n}{subsection.A.2}% 22
\BOOKMARK [3][-]{subsubsection.A.2.2}{\376\377\000E\000l\000e\000m\000e\000n\000t\000e\000\040\000e\000i\000n\000e\000s\000\040\000D\000M\000P}{subsection.A.2}% 23
