This is pdfTeX, Version 3.141592653-2.6-1.40.22 (TeX Live 2022/dev/Debian) (preloaded format=pdflatex 2022.12.2)  6 DEC 2022 10:14
entering extended mode
 restricted \write18 enabled.
 %&-line parsing enabled.
**DataManagementGuidelines.tex
(./DataManagementGuidelines.tex
LaTeX2e <2021-11-15> patch level 1
L3 programming layer <2022-01-21>
(/usr/share/texlive/texmf-dist/tex/latex/base/article.cls
Document Class: article 2021/10/04 v1.4n Standard LaTeX document class
(/usr/share/texlive/texmf-dist/tex/latex/base/size12.clo
File: size12.clo 2021/10/04 v1.4n Standard LaTeX file (size option)
)
\c@part=\count185
\c@section=\count186
\c@subsection=\count187
\c@subsubsection=\count188
\c@paragraph=\count189
\c@subparagraph=\count190
\c@figure=\count191
\c@table=\count192
\abovecaptionskip=\skip47
\belowcaptionskip=\skip48
\bibindent=\dimen138
) (./Preambel.tex
(/usr/share/texlive/texmf-dist/tex/latex/geometry/geometry.sty
Package: geometry 2020/01/02 v5.9 Page Geometry

(/usr/share/texlive/texmf-dist/tex/latex/graphics/keyval.sty
Package: keyval 2014/10/28 v1.15 key=value parser (DPC)
\KV@toks@=\toks16
)
(/usr/share/texlive/texmf-dist/tex/generic/iftex/ifvtex.sty
Package: ifvtex 2019/10/25 v1.7 ifvtex legacy package. Use iftex instead.

(/usr/share/texlive/texmf-dist/tex/generic/iftex/iftex.sty
Package: iftex 2020/03/06 v1.0d TeX engine tests
))
\Gm@cnth=\count193
\Gm@cntv=\count194
\c@Gm@tempcnt=\count195
\Gm@bindingoffset=\dimen139
\Gm@wd@mp=\dimen140
\Gm@odd@mp=\dimen141
\Gm@even@mp=\dimen142
\Gm@layoutwidth=\dimen143
\Gm@layoutheight=\dimen144
\Gm@layouthoffset=\dimen145
\Gm@layoutvoffset=\dimen146
\Gm@dimlist=\toks17
)
(/usr/share/texlive/texmf-dist/tex/latex/hyperref/hyperref.sty
Package: hyperref 2021-06-07 v7.00m Hypertext links for LaTeX

(/usr/share/texlive/texmf-dist/tex/generic/ltxcmds/ltxcmds.sty
Package: ltxcmds 2020-05-10 v1.25 LaTeX kernel commands for general use (HO)
)
(/usr/share/texlive/texmf-dist/tex/generic/pdftexcmds/pdftexcmds.sty
Package: pdftexcmds 2020-06-27 v0.33 Utility functions of pdfTeX for LuaTeX (HO
)

(/usr/share/texlive/texmf-dist/tex/generic/infwarerr/infwarerr.sty
Package: infwarerr 2019/12/03 v1.5 Providing info/warning/error messages (HO)
)
Package pdftexcmds Info: \pdf@primitive is available.
Package pdftexcmds Info: \pdf@ifprimitive is available.
Package pdftexcmds Info: \pdfdraftmode found.
)
(/usr/share/texlive/texmf-dist/tex/generic/kvsetkeys/kvsetkeys.sty
Package: kvsetkeys 2019/12/15 v1.18 Key value parser (HO)
)
(/usr/share/texlive/texmf-dist/tex/generic/kvdefinekeys/kvdefinekeys.sty
Package: kvdefinekeys 2019-12-19 v1.6 Define keys (HO)
)
(/usr/share/texlive/texmf-dist/tex/generic/pdfescape/pdfescape.sty
Package: pdfescape 2019/12/09 v1.15 Implements pdfTeX's escape features (HO)
)
(/usr/share/texlive/texmf-dist/tex/latex/hycolor/hycolor.sty
Package: hycolor 2020-01-27 v1.10 Color options for hyperref/bookmark (HO)
)
(/usr/share/texlive/texmf-dist/tex/latex/letltxmacro/letltxmacro.sty
Package: letltxmacro 2019/12/03 v1.6 Let assignment for LaTeX macros (HO)
)
(/usr/share/texlive/texmf-dist/tex/latex/auxhook/auxhook.sty
Package: auxhook 2019-12-17 v1.6 Hooks for auxiliary files (HO)
)
(/usr/share/texlive/texmf-dist/tex/latex/kvoptions/kvoptions.sty
Package: kvoptions 2020-10-07 v3.14 Key value format for package options (HO)
)
\@linkdim=\dimen147
\Hy@linkcounter=\count196
\Hy@pagecounter=\count197

(/usr/share/texlive/texmf-dist/tex/latex/hyperref/pd1enc.def
File: pd1enc.def 2021-06-07 v7.00m Hyperref: PDFDocEncoding definition (HO)
Now handling font encoding PD1 ...
... no UTF-8 mapping file for font encoding PD1
)
(/usr/share/texlive/texmf-dist/tex/latex/hyperref/hyperref-langpatches.def
File: hyperref-langpatches.def 2021-06-07 v7.00m Hyperref: patches for babel la
nguages
)
(/usr/share/texlive/texmf-dist/tex/generic/intcalc/intcalc.sty
Package: intcalc 2019/12/15 v1.3 Expandable calculations with integers (HO)
)
(/usr/share/texlive/texmf-dist/tex/generic/etexcmds/etexcmds.sty
Package: etexcmds 2019/12/15 v1.7 Avoid name clashes with e-TeX commands (HO)
)
\Hy@SavedSpaceFactor=\count198

(/usr/share/texlive/texmf-dist/tex/latex/hyperref/puenc.def
File: puenc.def 2021-06-07 v7.00m Hyperref: PDF Unicode definition (HO)
Now handling font encoding PU ...
... no UTF-8 mapping file for font encoding PU
)
Package hyperref Info: Hyper figures OFF on input line 4192.
Package hyperref Info: Link nesting OFF on input line 4197.
Package hyperref Info: Hyper index ON on input line 4200.
Package hyperref Info: Plain pages OFF on input line 4207.
Package hyperref Info: Backreferencing OFF on input line 4212.
Package hyperref Info: Implicit mode ON; LaTeX internals redefined.
Package hyperref Info: Bookmarks ON on input line 4445.
\c@Hy@tempcnt=\count199

(/usr/share/texlive/texmf-dist/tex/latex/url/url.sty
\Urlmuskip=\muskip16
Package: url 2013/09/16  ver 3.4  Verb mode for urls, etc.
)
LaTeX Info: Redefining \url on input line 4804.
\XeTeXLinkMargin=\dimen148

(/usr/share/texlive/texmf-dist/tex/generic/bitset/bitset.sty
Package: bitset 2019/12/09 v1.3 Handle bit-vector datatype (HO)

(/usr/share/texlive/texmf-dist/tex/generic/bigintcalc/bigintcalc.sty
Package: bigintcalc 2019/12/15 v1.5 Expandable calculations on big integers (HO
)
))
\Fld@menulength=\count266
\Field@Width=\dimen149
\Fld@charsize=\dimen150
Package hyperref Info: Hyper figures OFF on input line 6076.
Package hyperref Info: Link nesting OFF on input line 6081.
Package hyperref Info: Hyper index ON on input line 6084.
Package hyperref Info: backreferencing OFF on input line 6091.
Package hyperref Info: Link coloring OFF on input line 6096.
Package hyperref Info: Link coloring with OCG OFF on input line 6101.
Package hyperref Info: PDF/A mode OFF on input line 6106.
LaTeX Info: Redefining \ref on input line 6146.
LaTeX Info: Redefining \pageref on input line 6150.

(/usr/share/texlive/texmf-dist/tex/latex/base/atbegshi-ltx.sty
Package: atbegshi-ltx 2021/01/10 v1.0c Emulation of the original atbegshi
package with kernel methods
)
\Hy@abspage=\count267
\c@Item=\count268
\c@Hfootnote=\count269
)
Package hyperref Info: Driver (autodetected): hpdftex.

(/usr/share/texlive/texmf-dist/tex/latex/hyperref/hpdftex.def
File: hpdftex.def 2021-06-07 v7.00m Hyperref driver for pdfTeX

(/usr/share/texlive/texmf-dist/tex/latex/base/atveryend-ltx.sty
Package: atveryend-ltx 2020/08/19 v1.0a Emulation of the original atveryend pac
kage
with kernel methods
)
\Fld@listcount=\count270
\c@bookmark@seq@number=\count271

(/usr/share/texlive/texmf-dist/tex/latex/rerunfilecheck/rerunfilecheck.sty
Package: rerunfilecheck 2019/12/05 v1.9 Rerun checks for auxiliary files (HO)

(/usr/share/texlive/texmf-dist/tex/generic/uniquecounter/uniquecounter.sty
Package: uniquecounter 2019/12/15 v1.4 Provide unlimited unique counter (HO)
)
Package uniquecounter Info: New unique counter `rerunfilecheck' on input line 2
86.
)
\Hy@SectionHShift=\skip49
)
(/usr/share/texlive/texmf-dist/tex/latex/pgf/frontendlayer/tikz.sty
(/usr/share/texlive/texmf-dist/tex/latex/pgf/basiclayer/pgf.sty
(/usr/share/texlive/texmf-dist/tex/latex/pgf/utilities/pgfrcs.sty
(/usr/share/texlive/texmf-dist/tex/generic/pgf/utilities/pgfutil-common.tex
\pgfutil@everybye=\toks18
\pgfutil@tempdima=\dimen151
\pgfutil@tempdimb=\dimen152

(/usr/share/texlive/texmf-dist/tex/generic/pgf/utilities/pgfutil-common-lists.t
ex)) (/usr/share/texlive/texmf-dist/tex/generic/pgf/utilities/pgfutil-latex.def
\pgfutil@abb=\box50
) (/usr/share/texlive/texmf-dist/tex/generic/pgf/utilities/pgfrcs.code.tex
(/usr/share/texlive/texmf-dist/tex/generic/pgf/pgf.revision.tex)
Package: pgfrcs 2021/05/15 v3.1.9a (3.1.9a)
))
Package: pgf 2021/05/15 v3.1.9a (3.1.9a)

(/usr/share/texlive/texmf-dist/tex/latex/pgf/basiclayer/pgfcore.sty
(/usr/share/texlive/texmf-dist/tex/latex/graphics/graphicx.sty
Package: graphicx 2021/09/16 v1.2d Enhanced LaTeX Graphics (DPC,SPQR)

(/usr/share/texlive/texmf-dist/tex/latex/graphics/graphics.sty
Package: graphics 2021/03/04 v1.4d Standard LaTeX Graphics (DPC,SPQR)

(/usr/share/texlive/texmf-dist/tex/latex/graphics/trig.sty
Package: trig 2021/08/11 v1.11 sin cos tan (DPC)
)
(/usr/share/texlive/texmf-dist/tex/latex/graphics-cfg/graphics.cfg
File: graphics.cfg 2016/06/04 v1.11 sample graphics configuration
)
Package graphics Info: Driver file: pdftex.def on input line 107.

(/usr/share/texlive/texmf-dist/tex/latex/graphics-def/pdftex.def
File: pdftex.def 2020/10/05 v1.2a Graphics/color driver for pdftex
))
\Gin@req@height=\dimen153
\Gin@req@width=\dimen154
)
(/usr/share/texlive/texmf-dist/tex/latex/pgf/systemlayer/pgfsys.sty
(/usr/share/texlive/texmf-dist/tex/generic/pgf/systemlayer/pgfsys.code.tex
Package: pgfsys 2021/05/15 v3.1.9a (3.1.9a)

(/usr/share/texlive/texmf-dist/tex/generic/pgf/utilities/pgfkeys.code.tex
\pgfkeys@pathtoks=\toks19
\pgfkeys@temptoks=\toks20

(/usr/share/texlive/texmf-dist/tex/generic/pgf/utilities/pgfkeysfiltered.code.t
ex
\pgfkeys@tmptoks=\toks21
))
\pgf@x=\dimen155
\pgf@y=\dimen156
\pgf@xa=\dimen157
\pgf@ya=\dimen158
\pgf@xb=\dimen159
\pgf@yb=\dimen160
\pgf@xc=\dimen161
\pgf@yc=\dimen162
\pgf@xd=\dimen163
\pgf@yd=\dimen164
\w@pgf@writea=\write3
\r@pgf@reada=\read2
\c@pgf@counta=\count272
\c@pgf@countb=\count273
\c@pgf@countc=\count274
\c@pgf@countd=\count275
\t@pgf@toka=\toks22
\t@pgf@tokb=\toks23
\t@pgf@tokc=\toks24
\pgf@sys@id@count=\count276
 (/usr/share/texlive/texmf-dist/tex/generic/pgf/systemlayer/pgf.cfg
File: pgf.cfg 2021/05/15 v3.1.9a (3.1.9a)
)
Driver file for pgf: pgfsys-pdftex.def

(/usr/share/texlive/texmf-dist/tex/generic/pgf/systemlayer/pgfsys-pdftex.def
File: pgfsys-pdftex.def 2021/05/15 v3.1.9a (3.1.9a)

(/usr/share/texlive/texmf-dist/tex/generic/pgf/systemlayer/pgfsys-common-pdf.de
f
File: pgfsys-common-pdf.def 2021/05/15 v3.1.9a (3.1.9a)
)))
(/usr/share/texlive/texmf-dist/tex/generic/pgf/systemlayer/pgfsyssoftpath.code.
tex
File: pgfsyssoftpath.code.tex 2021/05/15 v3.1.9a (3.1.9a)
\pgfsyssoftpath@smallbuffer@items=\count277
\pgfsyssoftpath@bigbuffer@items=\count278
)
(/usr/share/texlive/texmf-dist/tex/generic/pgf/systemlayer/pgfsysprotocol.code.
tex
File: pgfsysprotocol.code.tex 2021/05/15 v3.1.9a (3.1.9a)
)) (/usr/share/texlive/texmf-dist/tex/latex/xcolor/xcolor.sty
Package: xcolor 2021/10/31 v2.13 LaTeX color extensions (UK)

(/usr/share/texlive/texmf-dist/tex/latex/graphics-cfg/color.cfg
File: color.cfg 2016/01/02 v1.6 sample color configuration
)
Package xcolor Info: Driver file: pdftex.def on input line 227.
Package xcolor Info: Model `cmy' substituted by `cmy0' on input line 1352.
Package xcolor Info: Model `hsb' substituted by `rgb' on input line 1356.
Package xcolor Info: Model `RGB' extended on input line 1368.
Package xcolor Info: Model `HTML' substituted by `rgb' on input line 1370.
Package xcolor Info: Model `Hsb' substituted by `hsb' on input line 1371.
Package xcolor Info: Model `tHsb' substituted by `hsb' on input line 1372.
Package xcolor Info: Model `HSB' substituted by `hsb' on input line 1373.
Package xcolor Info: Model `Gray' substituted by `gray' on input line 1374.
Package xcolor Info: Model `wave' substituted by `hsb' on input line 1375.
)
(/usr/share/texlive/texmf-dist/tex/generic/pgf/basiclayer/pgfcore.code.tex
Package: pgfcore 2021/05/15 v3.1.9a (3.1.9a)

(/usr/share/texlive/texmf-dist/tex/generic/pgf/math/pgfmath.code.tex
(/usr/share/texlive/texmf-dist/tex/generic/pgf/math/pgfmathcalc.code.tex
(/usr/share/texlive/texmf-dist/tex/generic/pgf/math/pgfmathutil.code.tex)
(/usr/share/texlive/texmf-dist/tex/generic/pgf/math/pgfmathparser.code.tex
\pgfmath@dimen=\dimen165
\pgfmath@count=\count279
\pgfmath@box=\box51
\pgfmath@toks=\toks25
\pgfmath@stack@operand=\toks26
\pgfmath@stack@operation=\toks27
)
(/usr/share/texlive/texmf-dist/tex/generic/pgf/math/pgfmathfunctions.code.tex
(/usr/share/texlive/texmf-dist/tex/generic/pgf/math/pgfmathfunctions.basic.code
.tex)
(/usr/share/texlive/texmf-dist/tex/generic/pgf/math/pgfmathfunctions.trigonomet
ric.code.tex)
(/usr/share/texlive/texmf-dist/tex/generic/pgf/math/pgfmathfunctions.random.cod
e.tex)
(/usr/share/texlive/texmf-dist/tex/generic/pgf/math/pgfmathfunctions.comparison
.code.tex)
(/usr/share/texlive/texmf-dist/tex/generic/pgf/math/pgfmathfunctions.base.code.
tex)
(/usr/share/texlive/texmf-dist/tex/generic/pgf/math/pgfmathfunctions.round.code
.tex)
(/usr/share/texlive/texmf-dist/tex/generic/pgf/math/pgfmathfunctions.misc.code.
tex)
(/usr/share/texlive/texmf-dist/tex/generic/pgf/math/pgfmathfunctions.integerari
thmetics.code.tex)))
(/usr/share/texlive/texmf-dist/tex/generic/pgf/math/pgfmathfloat.code.tex
\c@pgfmathroundto@lastzeros=\count280
))
(/usr/share/texlive/texmf-dist/tex/generic/pgf/math/pgfint.code.tex)
(/usr/share/texlive/texmf-dist/tex/generic/pgf/basiclayer/pgfcorepoints.code.te
x
File: pgfcorepoints.code.tex 2021/05/15 v3.1.9a (3.1.9a)
\pgf@picminx=\dimen166
\pgf@picmaxx=\dimen167
\pgf@picminy=\dimen168
\pgf@picmaxy=\dimen169
\pgf@pathminx=\dimen170
\pgf@pathmaxx=\dimen171
\pgf@pathminy=\dimen172
\pgf@pathmaxy=\dimen173
\pgf@xx=\dimen174
\pgf@xy=\dimen175
\pgf@yx=\dimen176
\pgf@yy=\dimen177
\pgf@zx=\dimen178
\pgf@zy=\dimen179
)
(/usr/share/texlive/texmf-dist/tex/generic/pgf/basiclayer/pgfcorepathconstruct.
code.tex
File: pgfcorepathconstruct.code.tex 2021/05/15 v3.1.9a (3.1.9a)
\pgf@path@lastx=\dimen180
\pgf@path@lasty=\dimen181
)
(/usr/share/texlive/texmf-dist/tex/generic/pgf/basiclayer/pgfcorepathusage.code
.tex
File: pgfcorepathusage.code.tex 2021/05/15 v3.1.9a (3.1.9a)
\pgf@shorten@end@additional=\dimen182
\pgf@shorten@start@additional=\dimen183
)
(/usr/share/texlive/texmf-dist/tex/generic/pgf/basiclayer/pgfcorescopes.code.te
x
File: pgfcorescopes.code.tex 2021/05/15 v3.1.9a (3.1.9a)
\pgfpic=\box52
\pgf@hbox=\box53
\pgf@layerbox@main=\box54
\pgf@picture@serial@count=\count281
)
(/usr/share/texlive/texmf-dist/tex/generic/pgf/basiclayer/pgfcoregraphicstate.c
ode.tex
File: pgfcoregraphicstate.code.tex 2021/05/15 v3.1.9a (3.1.9a)
\pgflinewidth=\dimen184
)
(/usr/share/texlive/texmf-dist/tex/generic/pgf/basiclayer/pgfcoretransformation
s.code.tex
File: pgfcoretransformations.code.tex 2021/05/15 v3.1.9a (3.1.9a)
\pgf@pt@x=\dimen185
\pgf@pt@y=\dimen186
\pgf@pt@temp=\dimen187
)
(/usr/share/texlive/texmf-dist/tex/generic/pgf/basiclayer/pgfcorequick.code.tex
File: pgfcorequick.code.tex 2021/05/15 v3.1.9a (3.1.9a)
)
(/usr/share/texlive/texmf-dist/tex/generic/pgf/basiclayer/pgfcoreobjects.code.t
ex
File: pgfcoreobjects.code.tex 2021/05/15 v3.1.9a (3.1.9a)
)
(/usr/share/texlive/texmf-dist/tex/generic/pgf/basiclayer/pgfcorepathprocessing
.code.tex
File: pgfcorepathprocessing.code.tex 2021/05/15 v3.1.9a (3.1.9a)
)
(/usr/share/texlive/texmf-dist/tex/generic/pgf/basiclayer/pgfcorearrows.code.te
x
File: pgfcorearrows.code.tex 2021/05/15 v3.1.9a (3.1.9a)
\pgfarrowsep=\dimen188
)
(/usr/share/texlive/texmf-dist/tex/generic/pgf/basiclayer/pgfcoreshade.code.tex
File: pgfcoreshade.code.tex 2021/05/15 v3.1.9a (3.1.9a)
\pgf@max=\dimen189
\pgf@sys@shading@range@num=\count282
\pgf@shadingcount=\count283
)
(/usr/share/texlive/texmf-dist/tex/generic/pgf/basiclayer/pgfcoreimage.code.tex
File: pgfcoreimage.code.tex 2021/05/15 v3.1.9a (3.1.9a)

(/usr/share/texlive/texmf-dist/tex/generic/pgf/basiclayer/pgfcoreexternal.code.
tex
File: pgfcoreexternal.code.tex 2021/05/15 v3.1.9a (3.1.9a)
\pgfexternal@startupbox=\box55
))
(/usr/share/texlive/texmf-dist/tex/generic/pgf/basiclayer/pgfcorelayers.code.te
x
File: pgfcorelayers.code.tex 2021/05/15 v3.1.9a (3.1.9a)
)
(/usr/share/texlive/texmf-dist/tex/generic/pgf/basiclayer/pgfcoretransparency.c
ode.tex
File: pgfcoretransparency.code.tex 2021/05/15 v3.1.9a (3.1.9a)
)
(/usr/share/texlive/texmf-dist/tex/generic/pgf/basiclayer/pgfcorepatterns.code.
tex
File: pgfcorepatterns.code.tex 2021/05/15 v3.1.9a (3.1.9a)
)
(/usr/share/texlive/texmf-dist/tex/generic/pgf/basiclayer/pgfcorerdf.code.tex
File: pgfcorerdf.code.tex 2021/05/15 v3.1.9a (3.1.9a)
)))
(/usr/share/texlive/texmf-dist/tex/generic/pgf/modules/pgfmoduleshapes.code.tex
File: pgfmoduleshapes.code.tex 2021/05/15 v3.1.9a (3.1.9a)
\pgfnodeparttextbox=\box56
) (/usr/share/texlive/texmf-dist/tex/generic/pgf/modules/pgfmoduleplot.code.tex
File: pgfmoduleplot.code.tex 2021/05/15 v3.1.9a (3.1.9a)
)
(/usr/share/texlive/texmf-dist/tex/latex/pgf/compatibility/pgfcomp-version-0-65
.sty
Package: pgfcomp-version-0-65 2021/05/15 v3.1.9a (3.1.9a)
\pgf@nodesepstart=\dimen190
\pgf@nodesepend=\dimen191
)
(/usr/share/texlive/texmf-dist/tex/latex/pgf/compatibility/pgfcomp-version-1-18
.sty
Package: pgfcomp-version-1-18 2021/05/15 v3.1.9a (3.1.9a)
)) (/usr/share/texlive/texmf-dist/tex/latex/pgf/utilities/pgffor.sty
(/usr/share/texlive/texmf-dist/tex/latex/pgf/utilities/pgfkeys.sty
(/usr/share/texlive/texmf-dist/tex/generic/pgf/utilities/pgfkeys.code.tex))
(/usr/share/texlive/texmf-dist/tex/latex/pgf/math/pgfmath.sty
(/usr/share/texlive/texmf-dist/tex/generic/pgf/math/pgfmath.code.tex))
(/usr/share/texlive/texmf-dist/tex/generic/pgf/utilities/pgffor.code.tex
Package: pgffor 2021/05/15 v3.1.9a (3.1.9a)

(/usr/share/texlive/texmf-dist/tex/generic/pgf/math/pgfmath.code.tex)
\pgffor@iter=\dimen192
\pgffor@skip=\dimen193
\pgffor@stack=\toks28
\pgffor@toks=\toks29
))
(/usr/share/texlive/texmf-dist/tex/generic/pgf/frontendlayer/tikz/tikz.code.tex
Package: tikz 2021/05/15 v3.1.9a (3.1.9a)

(/usr/share/texlive/texmf-dist/tex/generic/pgf/libraries/pgflibraryplothandlers
.code.tex
File: pgflibraryplothandlers.code.tex 2021/05/15 v3.1.9a (3.1.9a)
\pgf@plot@mark@count=\count284
\pgfplotmarksize=\dimen194
)
\tikz@lastx=\dimen195
\tikz@lasty=\dimen196
\tikz@lastxsaved=\dimen197
\tikz@lastysaved=\dimen198
\tikz@lastmovetox=\dimen199
\tikz@lastmovetoy=\dimen256
\tikzleveldistance=\dimen257
\tikzsiblingdistance=\dimen258
\tikz@figbox=\box57
\tikz@figbox@bg=\box58
\tikz@tempbox=\box59
\tikz@tempbox@bg=\box60
\tikztreelevel=\count285
\tikznumberofchildren=\count286
\tikznumberofcurrentchild=\count287
\tikz@fig@count=\count288

(/usr/share/texlive/texmf-dist/tex/generic/pgf/modules/pgfmodulematrix.code.tex
File: pgfmodulematrix.code.tex 2021/05/15 v3.1.9a (3.1.9a)
\pgfmatrixcurrentrow=\count289
\pgfmatrixcurrentcolumn=\count290
\pgf@matrix@numberofcolumns=\count291
)
\tikz@expandcount=\count292

(/usr/share/texlive/texmf-dist/tex/generic/pgf/frontendlayer/tikz/libraries/tik
zlibrarytopaths.code.tex
File: tikzlibrarytopaths.code.tex 2021/05/15 v3.1.9a (3.1.9a)
)))
(/usr/share/texlive/texmf-dist/tex/latex/enumitem/enumitem.sty
Package: enumitem 2019/06/20 v3.9 Customized lists
\labelindent=\skip50
\enit@outerparindent=\dimen259
\enit@toks=\toks30
\enit@inbox=\box61
\enit@count@id=\count293
\enitdp@description=\count294
)
(/usr/share/texlive/texmf-dist/tex/latex/textpos/textpos.sty
Package: textpos 2020/09/26 v1.10

Package: textpos 2020/09/26 1.10, absolute positioning of text on the page
Package textpos Info: choosing support for LaTeX3 on input line 61.
\TP@textbox=\box62
\TP@holdbox=\box63
\TPHorizModule=\dimen260
\TPVertModule=\dimen261
\TP@margin=\dimen262
\TP@absmargin=\dimen263
Grid set 16 x 16 = 37.34424pt x 52.81541pt
\TPboxrulesize=\dimen264
\TP@ox=\dimen265
\TP@oy=\dimen266
\TP@tbargs=\toks31
TextBlockOrigin set to 0pt x 0pt
) (/usr/share/texlive/texmf-dist/tex/latex/fancyhdr/fancyhdr.sty
Package: fancyhdr 2021/01/28 v4.0.1 Extensive control of page headers and foote
rs
\f@nch@headwidth=\skip51
\f@nch@O@elh=\skip52
\f@nch@O@erh=\skip53
\f@nch@O@olh=\skip54
\f@nch@O@orh=\skip55
\f@nch@O@elf=\skip56
\f@nch@O@erf=\skip57
\f@nch@O@olf=\skip58
\f@nch@O@orf=\skip59
)
(/usr/share/texlive/texmf-dist/tex/latex/xpatch/xpatch.sty
(/usr/share/texlive/texmf-dist/tex/latex/l3kernel/expl3.sty
Package: expl3 2022-01-21 L3 programming layer (loader) 

(/usr/share/texlive/texmf-dist/tex/latex/l3backend/l3backend-pdftex.def
File: l3backend-pdftex.def 2022-01-12 L3 backend support: PDF output (pdfTeX)
\l__color_backend_stack_int=\count295
\l__pdf_internal_box=\box64
))
Package: xpatch 2020/03/25 v0.3a Extending etoolbox patching commands

(/usr/share/texlive/texmf-dist/tex/latex/l3packages/xparse/xparse.sty
Package: xparse 2022-01-12 L3 Experimental document command parser
)
(/usr/share/texlive/texmf-dist/tex/latex/etoolbox/etoolbox.sty
Package: etoolbox 2020/10/05 v2.5k e-TeX tools for LaTeX (JAW)
\etb@tempcnta=\count296
))
(/usr/share/texlive/texmf-dist/tex/latex/titlesec/titlesec.sty
Package: titlesec 2021/07/05 v2.14 Sectioning titles
\ttl@box=\box65
\beforetitleunit=\skip60
\aftertitleunit=\skip61
\ttl@plus=\dimen267
\ttl@minus=\dimen268
\ttl@toksa=\toks32
\titlewidth=\dimen269
\titlewidthlast=\dimen270
\titlewidthfirst=\dimen271
)
(/usr/share/texlive/texmf-dist/tex/latex/caption/caption.sty
Package: caption 2020/10/26 v3.5g Customizing captions (AR)

(/usr/share/texlive/texmf-dist/tex/latex/caption/caption3.sty
Package: caption3 2020/10/21 v2.2e caption3 kernel (AR)
\captionmargin=\dimen272
\captionmargin@=\dimen273
\captionwidth=\dimen274
\caption@tempdima=\dimen275
\caption@indent=\dimen276
\caption@parindent=\dimen277
\caption@hangindent=\dimen278
Package caption Info: Standard document class detected.
)
\c@caption@flags=\count297
\c@continuedfloat=\count298
Package caption Info: hyperref package is loaded.
)
(/usr/share/texlive/texmf-dist/tex/latex/caption/subcaption.sty
Package: subcaption 2020/10/07 v1.3j Sub-captions (AR)
\c@subfigure=\count299
\c@subtable=\count300
)
(/usr/share/texlive/texmf-dist/tex/latex/wrapfig/wrapfig.sty
\wrapoverhang=\dimen279
\WF@size=\dimen280
\c@WF@wrappedlines=\count301
\WF@box=\box66
\WF@everypar=\toks33
Package: wrapfig 2003/01/31  v 3.6
)
(/usr/share/texlive/texmf-dist/tex/latex/booktabs/booktabs.sty
Package: booktabs 2020/01/12 v1.61803398 Publication quality tables
\heavyrulewidth=\dimen281
\lightrulewidth=\dimen282
\cmidrulewidth=\dimen283
\belowrulesep=\dimen284
\belowbottomsep=\dimen285
\aboverulesep=\dimen286
\abovetopsep=\dimen287
\cmidrulesep=\dimen288
\cmidrulekern=\dimen289
\defaultaddspace=\dimen290
\@cmidla=\count302
\@cmidlb=\count303
\@aboverulesep=\dimen291
\@belowrulesep=\dimen292
\@thisruleclass=\count304
\@lastruleclass=\count305
\@thisrulewidth=\dimen293
)
(/usr/share/texlive/texmf-dist/tex/latex/makecell/makecell.sty
Package: makecell 2009/08/03 V0.1e Managing of Tab Column Heads and Cells

(/usr/share/texlive/texmf-dist/tex/latex/tools/array.sty
Package: array 2021/10/04 v2.5f Tabular extension package (FMi)
\col@sep=\dimen294
\ar@mcellbox=\box67
\extrarowheight=\dimen295
\NC@list=\toks34
\extratabsurround=\skip62
\backup@length=\skip63
\ar@cellbox=\box68
)
\rotheadsize=\dimen296
\c@nlinenum=\count306
\TeXr@lab=\toks35
)
(/usr/share/texlive/texmf-dist/tex/latex/tools/tabularx.sty
Package: tabularx 2020/01/15 v2.11c `tabularx' package (DPC)
\TX@col@width=\dimen297
\TX@old@table=\dimen298
\TX@old@col=\dimen299
\TX@target=\dimen300
\TX@delta=\dimen301
\TX@cols=\count307
\TX@ftn=\toks36
)
(/usr/share/texlive/texmf-dist/tex/latex/multirow/multirow.sty
Package: multirow 2021/03/15 v2.8 Span multiple rows of a table
\multirow@colwidth=\skip64
\multirow@cntb=\count308
\multirow@dima=\skip65
\bigstrutjot=\dimen302
)
(/usr/share/texlive/texmf-dist/tex/latex/biblatex/biblatex.sty
Package: biblatex 2022/02/02 v3.17 programmable bibliographies (PK/MW)

(/usr/share/texlive/texmf-dist/tex/latex/logreq/logreq.sty
Package: logreq 2010/08/04 v1.0 xml request logger
\lrq@indent=\count309

(/usr/share/texlive/texmf-dist/tex/latex/logreq/logreq.def
File: logreq.def 2010/08/04 v1.0 logreq spec v1.0
))
(/usr/share/texlive/texmf-dist/tex/latex/base/ifthen.sty
Package: ifthen 2020/11/24 v1.1c Standard LaTeX ifthen package (DPC)
)
\c@tabx@nest=\count310
\c@listtotal=\count311
\c@listcount=\count312
\c@liststart=\count313
\c@liststop=\count314
\c@citecount=\count315
\c@citetotal=\count316
\c@multicitecount=\count317
\c@multicitetotal=\count318
\c@instcount=\count319
\c@maxnames=\count320
\c@minnames=\count321
\c@maxitems=\count322
\c@minitems=\count323
\c@citecounter=\count324
\c@maxcitecounter=\count325
\c@savedcitecounter=\count326
\c@uniquelist=\count327
\c@uniquename=\count328
\c@refsection=\count329
\c@refsegment=\count330
\c@maxextratitle=\count331
\c@maxextratitleyear=\count332
\c@maxextraname=\count333
\c@maxextradate=\count334
\c@maxextraalpha=\count335
\c@abbrvpenalty=\count336
\c@highnamepenalty=\count337
\c@lownamepenalty=\count338
\c@maxparens=\count339
\c@parenlevel=\count340
\blx@tempcnta=\count341
\blx@tempcntb=\count342
\blx@tempcntc=\count343
\c@blx@maxsection=\count344
\c@blx@maxsegment@0=\count345
\blx@notetype=\count346
\blx@parenlevel@text=\count347
\blx@parenlevel@foot=\count348
\c@blx@sectionciteorder@0=\count349
\blx@entrysetcounter=\count350
\blx@biblioinstance=\count351
\labelnumberwidth=\skip66
\labelalphawidth=\skip67
\biblabelsep=\skip68
\bibitemsep=\skip69
\bibnamesep=\skip70
\bibinitsep=\skip71
\bibparsep=\skip72
\bibhang=\skip73
\blx@bcfin=\read3
\blx@bcfout=\write4
\blx@langwohyphens=\language87
\c@mincomprange=\count352
\c@maxcomprange=\count353
\c@mincompwidth=\count354
Package biblatex Info: Trying to load biblatex default data model...
Package biblatex Info: ... file 'blx-dm.def' found.

(/usr/share/texlive/texmf-dist/tex/latex/biblatex/blx-dm.def
File: blx-dm.def 2022/02/02 v3.17 biblatex localization (PK/MW)
)
Package biblatex Info: Trying to load biblatex custom data model...
Package biblatex Info: ... file 'biblatex-dm.cfg' not found.
\c@afterword=\count355
\c@savedafterword=\count356
\c@annotator=\count357
\c@savedannotator=\count358
\c@author=\count359
\c@savedauthor=\count360
\c@bookauthor=\count361
\c@savedbookauthor=\count362
\c@commentator=\count363
\c@savedcommentator=\count364
\c@editor=\count365
\c@savededitor=\count366
\c@editora=\count367
\c@savededitora=\count368
\c@editorb=\count369
\c@savededitorb=\count370
\c@editorc=\count371
\c@savededitorc=\count372
\c@foreword=\count373
\c@savedforeword=\count374
\c@holder=\count375
\c@savedholder=\count376
\c@introduction=\count377
\c@savedintroduction=\count378
\c@namea=\count379
\c@savednamea=\count380
\c@nameb=\count381
\c@savednameb=\count382
\c@namec=\count383
\c@savednamec=\count384
\c@translator=\count385
\c@savedtranslator=\count386
\c@shortauthor=\count387
\c@savedshortauthor=\count388
\c@shorteditor=\count389
\c@savedshorteditor=\count390
\c@labelname=\count391
\c@savedlabelname=\count392
\c@institution=\count393
\c@savedinstitution=\count394
\c@lista=\count395
\c@savedlista=\count396
\c@listb=\count397
\c@savedlistb=\count398
\c@listc=\count399
\c@savedlistc=\count400
\c@listd=\count401
\c@savedlistd=\count402
\c@liste=\count403
\c@savedliste=\count404
\c@listf=\count405
\c@savedlistf=\count406
\c@location=\count407
\c@savedlocation=\count408
\c@organization=\count409
\c@savedorganization=\count410
\c@origlocation=\count411
\c@savedoriglocation=\count412
\c@origpublisher=\count413
\c@savedorigpublisher=\count414
\c@publisher=\count415
\c@savedpublisher=\count416
\c@language=\count417
\c@savedlanguage=\count418
\c@origlanguage=\count419
\c@savedoriglanguage=\count420
\c@pageref=\count421
\c@savedpageref=\count422
\shorthandwidth=\skip74
\shortjournalwidth=\skip75
\shortserieswidth=\skip76
\shorttitlewidth=\skip77
\shortauthorwidth=\skip78
\shorteditorwidth=\skip79
\locallabelnumberwidth=\skip80
\locallabelalphawidth=\skip81
\localshorthandwidth=\skip82
\localshortjournalwidth=\skip83
\localshortserieswidth=\skip84
\localshorttitlewidth=\skip85
\localshortauthorwidth=\skip86
\localshorteditorwidth=\skip87
Package biblatex Info: Trying to load compatibility code...
Package biblatex Info: ... file 'blx-compat.def' found.

(/usr/share/texlive/texmf-dist/tex/latex/biblatex/blx-compat.def
File: blx-compat.def 2022/02/02 v3.17 biblatex compatibility (PK/MW)
)
Package biblatex Info: Trying to load generic definitions...
Package biblatex Info: ... file 'biblatex.def' found.

(/usr/share/texlive/texmf-dist/tex/latex/biblatex/biblatex.def
File: biblatex.def 2022/02/02 v3.17 biblatex compatibility (PK/MW)
\c@textcitecount=\count423
\c@textcitetotal=\count424
\c@textcitemaxnames=\count425
\c@biburlbigbreakpenalty=\count426
\c@biburlbreakpenalty=\count427
\c@biburlnumpenalty=\count428
\c@biburlucpenalty=\count429
\c@biburllcpenalty=\count430
\biburlbigskip=\muskip17
\biburlnumskip=\muskip18
\biburlucskip=\muskip19
\biburllcskip=\muskip20
\c@smartand=\count431
)
Package biblatex Info: Trying to load bibliography style 'numeric'...
Package biblatex Info: ... file 'numeric.bbx' found.

(/usr/share/texlive/texmf-dist/tex/latex/biblatex/bbx/numeric.bbx
File: numeric.bbx 2022/02/02 v3.17 biblatex bibliography style (PK/MW)
Package biblatex Info: Trying to load bibliography style 'standard'...
Package biblatex Info: ... file 'standard.bbx' found.

(/usr/share/texlive/texmf-dist/tex/latex/biblatex/bbx/standard.bbx
File: standard.bbx 2022/02/02 v3.17 biblatex bibliography style (PK/MW)
\c@bbx:relatedcount=\count432
\c@bbx:relatedtotal=\count433
))
Package biblatex Info: Trying to load citation style 'numeric'...
Package biblatex Info: ... file 'numeric.cbx' found.

(/usr/share/texlive/texmf-dist/tex/latex/biblatex/cbx/numeric.cbx
File: numeric.cbx 2022/02/02 v3.17 biblatex citation style (PK/MW)
Package biblatex Info: Redefining '\cite'.
Package biblatex Info: Redefining '\parencite'.
Package biblatex Info: Redefining '\footcite'.
Package biblatex Info: Redefining '\footcitetext'.
Package biblatex Info: Redefining '\smartcite'.
Package biblatex Info: Redefining '\supercite'.
Package biblatex Info: Redefining '\textcite'.
Package biblatex Info: Redefining '\textcites'.
Package biblatex Info: Redefining '\cites'.
Package biblatex Info: Redefining '\parencites'.
Package biblatex Info: Redefining '\smartcites'.
)
Package biblatex Info: Trying to load configuration file...
Package biblatex Info: ... file 'biblatex.cfg' found.

(/usr/share/texlive/texmf-dist/tex/latex/biblatex/biblatex.cfg
File: biblatex.cfg 
)
Package biblatex Info: Input encoding 'utf8' detected.
Package biblatex Info: Document encoding is UTF8 ....
Package biblatex Info: ... and expl3
(biblatex)             2022-01-21 L3 programming layer (loader) 
(biblatex)             is new enough (at least 2020/04/06),
(biblatex)             setting 'casechanger=expl3'.

(/usr/share/texlive/texmf-dist/tex/latex/biblatex/blx-case-expl3.sty
Package: blx-case-expl3 2022/02/02 v3.17 expl3 case changing code for biblatex
))
(/usr/share/texlive/texmf-dist/tex/latex/csquotes/csquotes.sty
Package: csquotes 2021-02-22 v5.2l context-sensitive quotations (JAW)
\csq@reset=\count434
\csq@gtype=\count435
\csq@glevel=\count436
\csq@qlevel=\count437
\csq@maxlvl=\count438
\csq@tshold=\count439
\csq@ltx@everypar=\toks37

(/usr/share/texlive/texmf-dist/tex/latex/csquotes/csquotes.def
File: csquotes.def 2021-02-22 v5.2l csquotes generic definitions (JAW)
)
Package csquotes Info: Trying to load configuration file 'csquotes.cfg'...
Package csquotes Info: ... configuration file loaded successfully.

(/usr/share/texlive/texmf-dist/tex/latex/csquotes/csquotes.cfg
File: csquotes.cfg 
)))
(/usr/share/texlive/texmf-dist/tex/generic/babel/babel.sty
Package: babel 2022/01/26 3.70 The Babel package
\babel@savecnt=\count440
\U@D=\dimen303
\l@unhyphenated=\language88

(/usr/share/texlive/texmf-dist/tex/generic/babel/txtbabel.def)
\bbl@readstream=\read4
\bbl@dirlevel=\count441

(/usr/share/texlive/texmf-dist/tex/generic/babel-german/ngerman.ldf
Language: ngerman 2021/02/27 v2.13 German support for babel (post-1996 orthogra
phy)

(/usr/share/texlive/texmf-dist/tex/generic/babel-german/ngermanb.ldf
Language: ngermanb 2021/02/27 v2.13 German support for babel (post-1996 orthogr
aphy)
Package babel Info: Making " an active character on input line 122.
)))
Package csquotes Info: Checking for multilingual support...
Package csquotes Info: ... found 'babel' package.
Package csquotes Info: Adjusting default style.
Package csquotes Info: Redefining alias 'default' -> 'ngerman'.

(./DataManagementGuidelines.aux)
\openout1 = `DataManagementGuidelines.aux'.

LaTeX Font Info:    Checking defaults for OML/cmm/m/it on input line 12.
LaTeX Font Info:    ... okay on input line 12.
LaTeX Font Info:    Checking defaults for OMS/cmsy/m/n on input line 12.
LaTeX Font Info:    ... okay on input line 12.
LaTeX Font Info:    Checking defaults for OT1/cmr/m/n on input line 12.
LaTeX Font Info:    ... okay on input line 12.
LaTeX Font Info:    Checking defaults for T1/cmr/m/n on input line 12.
LaTeX Font Info:    ... okay on input line 12.
LaTeX Font Info:    Checking defaults for TS1/cmr/m/n on input line 12.
LaTeX Font Info:    ... okay on input line 12.
LaTeX Font Info:    Checking defaults for OMX/cmex/m/n on input line 12.
LaTeX Font Info:    ... okay on input line 12.
LaTeX Font Info:    Checking defaults for U/cmr/m/n on input line 12.
LaTeX Font Info:    ... okay on input line 12.
LaTeX Font Info:    Checking defaults for PD1/pdf/m/n on input line 12.
LaTeX Font Info:    ... okay on input line 12.
LaTeX Font Info:    Checking defaults for PU/pdf/m/n on input line 12.
LaTeX Font Info:    ... okay on input line 12.

*geometry* driver: auto-detecting
*geometry* detected driver: pdftex
*geometry* verbose mode - [ preamble ] result:
* driver: pdftex
* paper: a4paper
* layout: <same size as paper>
* layoutoffset:(h,v)=(0.0pt,0.0pt)
* modes: includehead includefoot 
* h-part:(L,W,R)=(51.21495pt, 495.07797pt, 51.21495pt)
* v-part:(T,H,B)=(22.76219pt, 799.52246pt, 22.76219pt)
* \paperwidth=597.50787pt
* \paperheight=845.04684pt
* \textwidth=495.07797pt
* \textheight=712.45082pt
* \oddsidemargin=-21.05504pt
* \evensidemargin=-21.05504pt
* \topmargin=-49.5078pt
* \headheight=40.0pt
* \headsep=17.07164pt
* \topskip=12.0pt
* \footskip=30.0pt
* \marginparwidth=35.0pt
* \marginparsep=10.0pt
* \columnsep=10.0pt
* \skip\footins=10.8pt plus 4.0pt minus 2.0pt
* \hoffset=0.0pt
* \voffset=0.0pt
* \mag=1000
* \@twocolumnfalse
* \@twosidefalse
* \@mparswitchfalse
* \@reversemarginfalse
* (1in=72.27pt=25.4mm, 1cm=28.453pt)

Package hyperref Info: Link coloring OFF on input line 12.
(/usr/share/texlive/texmf-dist/tex/latex/hyperref/nameref.sty
Package: nameref 2021-04-02 v2.47 Cross-referencing by name of section

(/usr/share/texlive/texmf-dist/tex/latex/refcount/refcount.sty
Package: refcount 2019/12/15 v3.6 Data extraction from label references (HO)
)
(/usr/share/texlive/texmf-dist/tex/generic/gettitlestring/gettitlestring.sty
Package: gettitlestring 2019/12/15 v1.6 Cleanup title references (HO)
)
\c@section@level=\count442
)
LaTeX Info: Redefining \ref on input line 12.
LaTeX Info: Redefining \pageref on input line 12.
LaTeX Info: Redefining \nameref on input line 12.

(./DataManagementGuidelines.out) (./DataManagementGuidelines.out)
\@outlinefile=\write5
\openout5 = `DataManagementGuidelines.out'.


(/usr/share/texlive/texmf-dist/tex/context/base/mkii/supp-pdf.mkii
[Loading MPS to PDF converter (version 2006.09.02).]
\scratchcounter=\count443
\scratchdimen=\dimen304
\scratchbox=\box69
\nofMPsegments=\count444
\nofMParguments=\count445
\everyMPshowfont=\toks38
\MPscratchCnt=\count446
\MPscratchDim=\dimen305
\MPnumerator=\count447
\makeMPintoPDFobject=\count448
\everyMPtoPDFconversion=\toks39
) (/usr/share/texlive/texmf-dist/tex/latex/epstopdf-pkg/epstopdf-base.sty
Package: epstopdf-base 2020-01-24 v2.11 Base part for package epstopdf
Package epstopdf-base Info: Redefining graphics rule for `.eps' on input line 4
85.

(/usr/share/texlive/texmf-dist/tex/latex/latexconfig/epstopdf-sys.cfg
File: epstopdf-sys.cfg 2010/07/13 v1.3 Configuration of (r)epstopdf for TeX Liv
e
))
Package caption Info: Begin \AtBeginDocument code.
Package caption Info: wrapfig package is loaded.
Package caption Info: End \AtBeginDocument code.
Package biblatex Info: Trying to load language 'ngerman'...
Package biblatex Info: ... file 'ngerman.lbx' found.

(/usr/share/texlive/texmf-dist/tex/latex/biblatex/lbx/ngerman.lbx
File: ngerman.lbx 2022/02/02 v3.17 biblatex localization (PK/MW)
Package biblatex Info: Trying to load language 'german'...
Package biblatex Info: ... file 'german.lbx' found.

(/usr/share/texlive/texmf-dist/tex/latex/biblatex/lbx/german.lbx
File: german.lbx 2022/02/02 v3.17 biblatex localization (PK/MW)
)
Package biblatex Info: Trying to load language 'german'...
Package biblatex Info: ... file 'german.lbx' found.

(/usr/share/texlive/texmf-dist/tex/latex/biblatex/lbx/german.lbx
File: german.lbx 2022/02/02 v3.17 biblatex localization (PK/MW)
))
Package biblatex Info: Input encoding 'utf8' detected.
Package biblatex Info: Automatic encoding selection.
(biblatex)             Assuming data encoding 'utf8'.
\openout4 = `DataManagementGuidelines.bcf'.

Package biblatex Info: Trying to load bibliographic data...
Package biblatex Info: ... file 'DataManagementGuidelines.bbl' found.

(./DataManagementGuidelines.bbl)
Package biblatex Info: Reference section=0 on input line 12.
Package biblatex Info: Reference segment=0 on input line 12.
 (./Sections/0a_Titlepage.tex
<../../02_Figures//Figure01_Titlepage_Background.pdf, id=98, 597.6729pt x 845.0
7718pt>
File: ../../02_Figures//Figure01_Titlepage_Background.pdf Graphic file (type pd
f)
<use ../../02_Figures//Figure01_Titlepage_Background.pdf>
Package pdftex.def Info: ../../02_Figures//Figure01_Titlepage_Background.pdf  u
sed on input line 3.
(pdftex.def)             Requested size: 627.42914pt x 887.30566pt.
 [1

{/var/lib/texmf/fonts/map/pdftex/updmap/pdftex.map} <../../02_Figures//Figure01
_Titlepage_Background.pdf>]) (./Sections/0b_Preface.tex
LaTeX Font Info:    External font `cmex10' loaded for size
(Font)              <12> on input line 14.
LaTeX Font Info:    External font `cmex10' loaded for size
(Font)              <8> on input line 14.
LaTeX Font Info:    External font `cmex10' loaded for size
(Font)              <6> on input line 14.
)pdfTeX warning (ext4): destination with the same identifier (name{page.1}) has
 been already used, duplicate ignored
<to be read again> 
                   \relax 
l.15 \input{Sections/0b_Preface}\newpage
                                         [1] (./DataManagementGuidelines.toc)
\tf@toc=\write6
\openout6 = `DataManagementGuidelines.toc'.

<../../02_Figures//Figure00_IWT-Logo.png, id=143, 407.85709pt x 297.44458pt>
File: ../../02_Figures//Figure00_IWT-Logo.png Graphic file (type png)
<use ../../02_Figures//Figure00_IWT-Logo.png>
Package pdftex.def Info: ../../02_Figures//Figure00_IWT-Logo.png  used on input
 line 20.
(pdftex.def)             Requested size: 46.81233pt x 34.1433pt.

[2 <../../02_Figures//Figure00_IWT-Logo.png>]
(./Sections/1_Why_Data_Management.tex) (./Sections/2_Data_Management_Plans.tex
File: ../../02_Figures//Figure00_IWT-Logo.png Graphic file (type png)
<use ../../02_Figures//Figure00_IWT-Logo.png>
Package pdftex.def Info: ../../02_Figures//Figure00_IWT-Logo.png  used on input
 line 17.
(pdftex.def)             Requested size: 46.81233pt x 34.1433pt.

[3]) (./Sections/3_File_Organization.tex
LaTeX Font Info:    Font shape `OT1/cmtt/bx/n' in size <12> not available
(Font)              Font shape `OT1/cmtt/m/n' tried instead on input line 6.
LaTeX Font Info:    Trying to load font information for OMS+cmr on input line 2
3.

(/usr/share/texlive/texmf-dist/tex/latex/base/omscmr.fd
File: omscmr.fd 2019/12/16 v2.5j Standard LaTeX font definitions
)
LaTeX Font Info:    Font shape `OMS/cmr/bx/n' in size <12> not available
(Font)              Font shape `OMS/cmsy/b/n' tried instead on input line 23.

Overfull \hbox (16.29034pt too wide) in paragraph at lines 33--36
[]\OT1/cmr/m/n/12 Prim[]ardaten (manch-mal auch Roh-da-ten ge-nannt) wer-den vo
n Mess-ger[]aten, Sen-so-ren/Kameras,
 []


Overfull \hbox (11.49457pt too wide) in paragraph at lines 36--40
[]\OT1/cmr/m/n/12 Sekund[]ardaten (oder ana-ly-sier-te Da-ten) sind Da-ten, die
 aus der Ver-ar-bei-tung von Prim[]ardaten
 []

LaTeX Font Info:    External font `cmex10' loaded for size
(Font)              <7> on input line 45.
LaTeX Font Info:    External font `cmex10' loaded for size
(Font)              <5> on input line 45.
File: ../../02_Figures//Figure00_IWT-Logo.png Graphic file (type png)
<use ../../02_Figures//Figure00_IWT-Logo.png>
Package pdftex.def Info: ../../02_Figures//Figure00_IWT-Logo.png  used on input
 line 50.
(pdftex.def)             Requested size: 46.81233pt x 34.1433pt.
[4]
Overfull \hbox (11.46817pt too wide) in paragraph at lines 91--94
\OT1/cmr/m/n/12 m[]ussen die von ih-nen gew[]ahlten Da-tei-for-ma-te ei-ne lang
-fris-ti-ge Les-bar-keit bzw. Zu-griff gew[]ahrleisten. 
 []

File: ../../02_Figures//Figure00_IWT-Logo.png Graphic file (type png)
<use ../../02_Figures//Figure00_IWT-Logo.png>
Package pdftex.def Info: ../../02_Figures//Figure00_IWT-Logo.png  used on input
 line 98.
(pdftex.def)             Requested size: 46.81233pt x 34.1433pt.
[5]
Overfull \hbox (16.55978pt too wide) in paragraph at lines 108--111
[]\OT1/cmr/m/n/12 Offene Do-ku-ment-da-tei-en: .odt (Text), .ods (Ta-bel-len-ka
l-ku-la-ti-on), .odp (Pr[]asentation); prim[]ares
 []

File: ../../02_Figures//Figure00_IWT-Logo.png Graphic file (type png)
<use ../../02_Figures//Figure00_IWT-Logo.png>
Package pdftex.def Info: ../../02_Figures//Figure00_IWT-Logo.png  used on input
 line 140.
(pdftex.def)             Requested size: 46.81233pt x 34.1433pt.
[6]
File: ../../02_Figures//Figure00_IWT-Logo.png Graphic file (type png)
<use ../../02_Figures//Figure00_IWT-Logo.png>
Package pdftex.def Info: ../../02_Figures//Figure00_IWT-Logo.png  used on input
 line 199.
(pdftex.def)             Requested size: 46.81233pt x 34.1433pt.
 [7]
Underfull \hbox (badness 10000) in paragraph at lines 205--210

 []


Overfull \hbox (4.66685pt too wide) in paragraph at lines 237--241
\OT1/cmr/m/n/12 Es gibt kei-ne vor-ge-ge-be-ne Ver-zeich-niss-truk-tur f[]ur Ih
-re t[]aglichen Da-ten, das bleibt Ih-nen []uberlassen.
 []

File: ../../02_Figures//Figure00_IWT-Logo.png Graphic file (type png)
<use ../../02_Figures//Figure00_IWT-Logo.png>
Package pdftex.def Info: ../../02_Figures//Figure00_IWT-Logo.png  used on input
 line 241.
(pdftex.def)             Requested size: 46.81233pt x 34.1433pt.
[8]
Overfull \hbox (3.55711pt too wide) in paragraph at lines 262--264
[]\OT1/cmr/m/n/12 Dokumente aus Ih-rer wis-sen-schaft-li-chen Ar-beit: Pa-pers,
 Dis-ser-ta-tio-nen, Pr[]asentationen,
 []

(./Tables/0_Paper_Directory_Structure.tex
Overfull \hbox (6.94635pt too wide) in paragraph at lines 47--47
[]|  [] | 
 []


Overfull \hbox (6.94635pt too wide) in paragraph at lines 47--47
[]|  [] | 
 []


Overfull \hbox (6.94635pt too wide) in paragraph at lines 47--47
[]|  [] | 
 []


Overfull \hbox (6.94635pt too wide) in paragraph at lines 47--47
[]|  [] | 
 []


Overfull \hbox (6.94635pt too wide) in paragraph at lines 47--47
[]|  [] | 
 []


Overfull \hbox (6.94635pt too wide) in paragraph at lines 47--47
[]|  [] | 
 []


Overfull \hbox (6.94635pt too wide) in paragraph at lines 47--47
[]|  [] | 
 []


Overfull \hbox (6.94635pt too wide) in paragraph at lines 47--47
[]|  [] | 
 []


Overfull \hbox (6.94635pt too wide) in paragraph at lines 47--47
[]|  [] | 
 []


Overfull \hbox (6.94635pt too wide) in paragraph at lines 47--47
[]|  [] | 
 []


Overfull \hbox (6.94635pt too wide) in paragraph at lines 47--47
[]|  [] | 
 []


Overfull \hbox (6.94635pt too wide) in paragraph at lines 47--47
[]|  [] | 
 []


Overfull \hbox (6.94635pt too wide) in paragraph at lines 47--47
[]|  [] | 
 []

)
Overfull \hbox (18.04031pt too wide) in paragraph at lines 285--323
\OT1/cmr/m/n/12 In Ab-spra-che mit al-len IWT-Abteilungen ba-siert das Ver-zeic
h-nis-be-nen-nungs-sche-ma f[]ur ver[]offentlichte
 []

File: ../../02_Figures//Figure00_IWT-Logo.png Graphic file (type png)
<use ../../02_Figures//Figure00_IWT-Logo.png>
Package pdftex.def Info: ../../02_Figures//Figure00_IWT-Logo.png  used on input
 line 323.
(pdftex.def)             Requested size: 46.81233pt x 34.1433pt.
[9]

LaTeX Warning: `!h' float specifier changed to `!ht'.


Overfull \hbox (4.89188pt too wide) in paragraph at lines 324--331
\OT1/cmr/m/n/12 pro-gram-me f[]ur Ih-re For-schung ge-schrie-ben ha-ben, m[]uss
en die Ver-zeich-nis-se \OT1/cmtt/m/n/12 "05[]ProgramSources"\OT1/cmr/m/n/12 ,
 []

File: ../../02_Figures//Figure00_IWT-Logo.png Graphic file (type png)
<use ../../02_Figures//Figure00_IWT-Logo.png>
Package pdftex.def Info: ../../02_Figures//Figure00_IWT-Logo.png  used on input
 line 359.
(pdftex.def)             Requested size: 46.81233pt x 34.1433pt.
[10]
File: ../../02_Figures//Figure00_IWT-Logo.png Graphic file (type png)
<use ../../02_Figures//Figure00_IWT-Logo.png>
Package pdftex.def Info: ../../02_Figures//Figure00_IWT-Logo.png  used on input
 line 367.
(pdftex.def)             Requested size: 46.81233pt x 34.1433pt.
 [11] (./Tables/1_Poster_Directory_Structure.tex
Overfull \hbox (6.94635pt too wide) in paragraph at lines 47--47
[]|  [] | 
 []


Overfull \hbox (6.94635pt too wide) in paragraph at lines 47--47
[]|  [] | 
 []


Overfull \hbox (6.94635pt too wide) in paragraph at lines 47--47
[]|  [] | 
 []


Overfull \hbox (6.94635pt too wide) in paragraph at lines 47--47
[]|  [] | 
 []


Overfull \hbox (6.94635pt too wide) in paragraph at lines 47--47
[]|  [] | 
 []


Overfull \hbox (6.94635pt too wide) in paragraph at lines 47--47
[]|  [] | 
 []


Overfull \hbox (6.94635pt too wide) in paragraph at lines 47--47
[]|  [] | 
 []


Overfull \hbox (6.94635pt too wide) in paragraph at lines 47--47
[]|  [] | 
 []


Overfull \hbox (6.94635pt too wide) in paragraph at lines 47--47
[]|  [] | 
 []


Overfull \hbox (6.94635pt too wide) in paragraph at lines 47--47
[]|  [] | 
 []


Overfull \hbox (6.94635pt too wide) in paragraph at lines 47--47
[]|  [] | 
 []


Overfull \hbox (6.94635pt too wide) in paragraph at lines 47--47
[]|  [] | 
 []


Underfull \hbox (badness 1694) in paragraph at lines 47--47
[]|\OT1/cmr/m/n/12 Zitierte Ar-bei-ten/B[]ucher (wenn Ver[]offentlichungsrechte
 er-laubt
 []


Overfull \hbox (6.94635pt too wide) in paragraph at lines 47--47
[]|  [] | 
 []


Overfull \hbox (6.94635pt too wide) in paragraph at lines 47--47
[]|  [] | 
 []

))

LaTeX Warning: `!h' float specifier changed to `!ht'.

File: ../../02_Figures//Figure00_IWT-Logo.png Graphic file (type png)
<use ../../02_Figures//Figure00_IWT-Logo.png>
Package pdftex.def Info: ../../02_Figures//Figure00_IWT-Logo.png  used on input
 line 23.
(pdftex.def)             Requested size: 46.81233pt x 34.1433pt.
[12] (./Sections/4_Documentation_and_Metadata.tex
File: ../../02_Figures//Figure00_IWT-Logo.png Graphic file (type png)
<use ../../02_Figures//Figure00_IWT-Logo.png>
Package pdftex.def Info: ../../02_Figures//Figure00_IWT-Logo.png  used on input
 line 17.
(pdftex.def)             Requested size: 46.81233pt x 34.1433pt.
 [13]
<../../02_Figures//Figure02_ReadmeFileCreator.png, id=242, 522.95375pt x 782.92
5pt>
File: ../../02_Figures//Figure02_ReadmeFileCreator.png Graphic file (type png)
<use ../../02_Figures//Figure02_ReadmeFileCreator.png>
Package pdftex.def Info: ../../02_Figures//Figure02_ReadmeFileCreator.png  used
 on input line 33.
(pdftex.def)             Requested size: 247.53899pt x 370.60303pt.

Underfull \hbox (badness 1231) in paragraph at lines 34--34
[]\OT1/cmr/bx/n/10.95 Abbildung 1: |\OT1/cmr/m/n/10.95 Da-ta In-put Tool: Readm
e-File-
 []


Underfull \hbox (badness 10000) in paragraph at lines 25--36

 []

) (./Sections/5_Electronic_Lab_Notebooks.tex
Underfull \hbox (badness 1540) in paragraph at lines 36--1
\OT1/cmr/m/n/12 ELN sein (eL-abFTW ge-ne-riert ei-ne lan-ge
 []


Underfull \hbox (badness 3118) in paragraph at lines 36--1
\OT1/cmr/m/n/12 druckt, ver-treibt, frei-gibt oder her-aus-gibt
 []


Underfull \hbox (badness 5274) in paragraph at lines 36--1
\OT1/cmr/m/n/12 Das Jahr, in dem die Da-ten []offentlich
 []


Overfull \hbox (7.27379pt too wide) in paragraph at lines 36--1
\OT1/cmr/m/n/12 Das oben in []Fi-gu-re 1[][] ab-ge-bil-de-te Tool kann vom VT-S
erver (/VT-Allgemein/Software/ReadmeFile-
 []

File: ../../02_Figures//Figure00_IWT-Logo.png Graphic file (type png)
<use ../../02_Figures//Figure00_IWT-Logo.png>
Package pdftex.def Info: ../../02_Figures//Figure00_IWT-Logo.png  used on input
 line 1.
(pdftex.def)             Requested size: 46.81233pt x 34.1433pt.
[14 <../../02_Figures//Figure02_ReadmeFileCreator.png (PNG copy)>]
File: ../../02_Figures//Figure00_IWT-Logo.png Graphic file (type png)
<use ../../02_Figures//Figure00_IWT-Logo.png>
Package pdftex.def Info: ../../02_Figures//Figure00_IWT-Logo.png  used on input
 line 12.
(pdftex.def)             Requested size: 46.81233pt x 34.1433pt.
 [15])
(./Sections/6_Git.tex
Overfull \hbox (18.83696pt too wide) in paragraph at lines 43--1
[]\OT1/cmr/m/n/12 Die \OT1/cmr/bx/n/12 ma-xi-ma-le Gr[]o^^Ye \OT1/cmr/m/n/12 de
r hoch-ge-la-de-nen Da-ten soll-te \OT1/cmr/bx/n/12 100Mbyte pro Da-tei \OT1/cm
r/m/n/12 nicht []uberschreiten.
 []

File: ../../02_Figures//Figure00_IWT-Logo.png Graphic file (type png)
<use ../../02_Figures//Figure00_IWT-Logo.png>
Package pdftex.def Info: ../../02_Figures//Figure00_IWT-Logo.png  used on input
 line 11.
(pdftex.def)             Requested size: 46.81233pt x 34.1433pt.
[16]) (./Sections/7_Endnote.tex)
(./Sections/8_Further_Tools_for_Data_Management.tex
Overfull \hbox (6.1695pt too wide) in paragraph at lines 11--13
[][]$\OT1/cmtt/m/n/12 http : / / rd-[]alliance . github . io / metadata-[]direc
tory / standards/$[] $\OMS/cmsy/m/n/12 !$ \OT1/cmr/m/n/12 dis-zi-plin-spe-zi-fi
-sche
 []

)
File: ../../02_Figures//Figure00_IWT-Logo.png Graphic file (type png)
<use ../../02_Figures//Figure00_IWT-Logo.png>
Package pdftex.def Info: ../../02_Figures//Figure00_IWT-Logo.png  used on input
 line 32.
(pdftex.def)             Requested size: 46.81233pt x 34.1433pt.
 [17]
Overfull \hbox (23.7649pt too wide) in paragraph at lines 33--33
[]\OT1/cmr/m/n/12 Kristin Bri-ney. \OT1/cmr/m/it/12 Da-ta Ma-na-ge-ment for Re-
se-ar-chers\OT1/cmr/m/n/12 . Pe-la-gic Pu-blis-hing, 2015. \OT1/cmr/m/sc/12 isb
n\OT1/cmr/m/n/12 : 9781784270117. 
 []

(./Sections/A_Appendix.tex
File: ../../02_Figures//Figure00_IWT-Logo.png Graphic file (type png)
<use ../../02_Figures//Figure00_IWT-Logo.png>
Package pdftex.def Info: ../../02_Figures//Figure00_IWT-Logo.png  used on input
 line 2.
(pdftex.def)             Requested size: 46.81233pt x 34.1433pt.
 [18]
<../../02_Figures//Figure03_DummyPaperStructureExample4.png, id=292, 513.92pt x
 884.30376pt>
File: ../../02_Figures//Figure03_DummyPaperStructureExample4.png Graphic file (
type png)
<use ../../02_Figures//Figure03_DummyPaperStructureExample4.png>
Package pdftex.def Info: ../../02_Figures//Figure03_DummyPaperStructureExample4
.png  used on input line 7.
(pdftex.def)             Requested size: 247.53899pt x 425.94525pt.

Underfull \hbox (badness 2205) in paragraph at lines 11--29
\OT1/cmr/m/n/12 fin-den die-ses Dum-my Pa-per auf un-se-rem
 []


Underfull \hbox (badness 1831) in paragraph at lines 11--29
\OT1/cmr/m/n/12 VT-Server []hier[] ([]$\OT1/cmtt/m/n/12 http : / / gofile . me 
/ 6C5nG /
 []


Overfull \hbox (18.12643pt too wide) in paragraph at lines 41--46
\OT1/cmr/m/n/12 etc.) er-war-ten mitt-ler-wei-le, dass []offentlich gef[]ordert
e Pro-jek-te ih-re Da-ten der []Offentlichkeit zug[]anglich
 []

File: ../../02_Figures//Figure00_IWT-Logo.png Graphic file (type png)
<use ../../02_Figures//Figure00_IWT-Logo.png>
Package pdftex.def Info: ../../02_Figures//Figure00_IWT-Logo.png  used on input
 line 46.
(pdftex.def)             Requested size: 46.81233pt x 34.1433pt.
[19 <../../02_Figures//Figure03_DummyPaperStructureExample4.png (PNG copy)>]
Overfull \hbox (34.36668pt too wide) in paragraph at lines 47--52
\OT1/cmr/m/n/12 ([]$\OT1/cmtt/m/n/12 https : / / www . dfg . de / download / pd
f / foerderung / grundlagen _ dfg _ foerderung / forschungsdaten /
 []

File: ../../02_Figures//Figure00_IWT-Logo.png Graphic file (type png)
<use ../../02_Figures//Figure00_IWT-Logo.png>
Package pdftex.def Info: ../../02_Figures//Figure00_IWT-Logo.png  used on input
 line 85.
(pdftex.def)             Requested size: 46.81233pt x 34.1433pt.
[20]
Overfull \hbox (3.79182pt too wide) in paragraph at lines 121--123
[]\OT1/cmr/m/n/12 Erforderliche per-so-nel-le Res-sour-cen f[]ur ei-ne er-folg-
rei-che Im-ple-men-tie-rung/Realisierung? 
 []

)
File: ../../02_Figures//Figure00_IWT-Logo.png Graphic file (type png)
<use ../../02_Figures//Figure00_IWT-Logo.png>
Package pdftex.def Info: ../../02_Figures//Figure00_IWT-Logo.png  used on input
 line 34.
(pdftex.def)             Requested size: 46.81233pt x 34.1433pt.
 [21] (./DataManagementGuidelines.aux)
Package rerunfilecheck Info: File `DataManagementGuidelines.out' has not change
d.
(rerunfilecheck)             Checksum: 57EE2EAC9860C0F85B8BAA172A871ECD;3932.
Package logreq Info: Writing requests to 'DataManagementGuidelines.run.xml'.
\openout1 = `DataManagementGuidelines.run.xml'.

 ) 
Here is how much of TeX's memory you used:
 31289 strings out of 478287
 595810 string characters out of 5849289
 1316162 words of memory out of 5000000
 48922 multiletter control sequences out of 15000+600000
 475867 words of font info for 50 fonts, out of 8000000 for 9000
 1143 hyphenation exceptions out of 8191
 105i,15n,107p,1149b,2365s stack positions out of 5000i,500n,10000p,200000b,80000s
{/usr/share/texmf/fonts/enc/dvips/cm-super/cm-super-ts1.enc}</usr/share/texli
ve/texmf-dist/fonts/type1/public/amsfonts/cm/cmbsy10.pfb></usr/share/texlive/te
xmf-dist/fonts/type1/public/amsfonts/cm/cmbx10.pfb></usr/share/texlive/texmf-di
st/fonts/type1/public/amsfonts/cm/cmbx12.pfb></usr/share/texlive/texmf-dist/fon
ts/type1/public/amsfonts/cm/cmcsc10.pfb></usr/share/texlive/texmf-dist/fonts/ty
pe1/public/amsfonts/cm/cmmi12.pfb></usr/share/texlive/texmf-dist/fonts/type1/pu
blic/amsfonts/cm/cmr10.pfb></usr/share/texlive/texmf-dist/fonts/type1/public/am
sfonts/cm/cmr12.pfb></usr/share/texlive/texmf-dist/fonts/type1/public/amsfonts/
cm/cmr17.pfb></usr/share/texlive/texmf-dist/fonts/type1/public/amsfonts/cm/cmr7
.pfb></usr/share/texlive/texmf-dist/fonts/type1/public/amsfonts/cm/cmr8.pfb></u
sr/share/texlive/texmf-dist/fonts/type1/public/amsfonts/cm/cmsy10.pfb></usr/sha
re/texlive/texmf-dist/fonts/type1/public/amsfonts/cm/cmsy8.pfb></usr/share/texl
ive/texmf-dist/fonts/type1/public/amsfonts/cm/cmti12.pfb></usr/share/texlive/te
xmf-dist/fonts/type1/public/amsfonts/cm/cmtt12.pfb></usr/share/texmf/fonts/type
1/public/cm-super/sfrm0800.pfb></usr/share/texmf/fonts/type1/public/cm-super/sf
rm1200.pfb>
Output written on DataManagementGuidelines.pdf (22 pages, 658850 bytes).
PDF statistics:
 403 PDF objects out of 1000 (max. 8388607)
 336 compressed objects within 4 object streams
 69 named destinations out of 1000 (max. 500000)
 217 words of extra memory for PDF output out of 10000 (max. 10000000)

